#
# There is insufficient memory for the Java Runtime Environment to continue.
# Native memory allocation (mmap) failed to map 130023424 bytes for G1 virtual space
# Possible reasons:
#   The system is out of physical RAM or swap space
#   The process is running with CompressedOops enabled, and the Java Heap may be blocking the growth of the native heap
# Possible solutions:
#   Reduce memory load on the system
#   Increase physical memory or swap space
#   Check if swap backing store is full
#   Decrease Java heap size (-Xmx/-Xms)
#   Decrease number of Java threads
#   Decrease Java thread stack sizes (-Xss)
#   Set larger code cache with -XX:ReservedCodeCacheSize=
#   JVM is running with Unscaled Compressed Oops mode in which the Java heap is
#     placed in the first 4GB address space. The Java Heap base address is the
#     maximum limit for the native heap growth. Please use -XX:HeapBaseMinAddress
#     to set the Java Heap base and to place the Java Heap above 4GB virtual address.
# This output file may be truncated or incomplete.
#
#  Out of Memory Error (os_windows.cpp:3536), pid=22560, tid=13000
#
# JRE version:  (19.0.2+7) (build )
# Java VM: Java HotSpot(TM) 64-Bit Server VM (19.0.2+7-44, mixed mode, sharing, tiered, compressed oops, compressed class ptrs, g1 gc, windows-amd64)
# No core dump will be written. Minidumps are not enabled by default on client versions of Windows
#

---------------  S U M M A R Y ------------

Command Line: 

Host: 11th Gen Intel(R) Core(TM) i7-11800H @ 2.30GHz, 16 cores, 7G,  Windows 11 , 64 bit Build 22621 (10.0.22621.4391)
Time: Sat Feb 22 14:36:16 2025 India Standard Time elapsed time: 0.019760 seconds (0d 0h 0m 0s)

---------------  T H R E A D  ---------------

Current thread (0x000001eccbde9780):  JavaThread "Unknown thread" [_thread_in_vm, id=13000, stack(0x000000de9e300000,0x000000de9e400000)]

Stack: [0x000000de9e300000,0x000000de9e400000]
Native frames: (J=compiled Java code, j=interpreted, Vv=VM code, C=native code)
V  [jvm.dll+0x6ee21a]
V  [jvm.dll+0x85765e]
V  [jvm.dll+0x85904e]
V  [jvm.dll+0x859703]
V  [jvm.dll+0x28298f]
V  [jvm.dll+0x6eb009]
V  [jvm.dll+0x6dfbaa]
V  [jvm.dll+0x3573f6]
V  [jvm.dll+0x35ee56]
V  [jvm.dll+0x3b541e]
V  [jvm.dll+0x3b564f]
V  [jvm.dll+0x32c9ea]
V  [jvm.dll+0x32d89e]
V  [jvm.dll+0x821780]
V  [jvm.dll+0x3c2661]
V  [jvm.dll+0x801f51]
V  [jvm.dll+0x44ae8f]
V  [jvm.dll+0x44c811]
C  [jli.dll+0x5287]
C  [ucrtbase.dll+0x29333]
C  [KERNEL32.DLL+0x1259d]
C  [ntdll.dll+0x5af38]


---------------  P R O C E S S  ---------------

Threads class SMR info:
_java_thread_list=0x00007ff9902ed048, length=0, elements={
}

Java Threads: ( => current thread )

Other Threads:
  0x000001eccbe485e0 WorkerThread "GC Thread#0" [stack: 0x000000de9e400000,0x000000de9e500000] [id=23280]
  0x000001eccbe58cb0 ConcurrentGCThread "G1 Main Marker" [stack: 0x000000de9e500000,0x000000de9e600000] [id=16048]
  0x000001eccbe595f0 WorkerThread "G1 Conc#0" [stack: 0x000000de9e600000,0x000000de9e700000] [id=21556]

[error occurred during error reporting (printing all threads), id 0xc0000005, EXCEPTION_ACCESS_VIOLATION (0xc0000005) at pc=0x00007ff98faad427]

VM state: not at safepoint (not fully initialized)

VM Mutex/Monitor currently owned by a thread:  ([mutex/lock_event])
[0x000001eccbde7bb0] Heap_lock - owner thread: 0x000001eccbde9780

Heap address: 0x0000000084a00000, size: 1974 MB, Compressed Oops mode: 32-bit

CDS archive(s) mapped at: [0x0000000000000000-0x0000000000000000-0x0000000000000000), size 0, SharedBaseAddress: 0x0000000800000000, ArchiveRelocationMode: 0.
Narrow klass base: 0x0000000000000000, Narrow klass shift: 0, Narrow klass range: 0x0

GC Precious Log:
 CardTable entry size: 512
 Card Set container configuration: InlinePtr #cards 5 size 8 Array Of Cards #cards 12 size 40 Howl #buckets 4 coarsen threshold 1843 Howl Bitmap #cards 512 size 80 coarsen threshold 460 Card regions per heap region 1 cards per card region 2048

Heap:
 garbage-first heap   total 0K, used 0K [0x0000000084a00000, 0x0000000100000000)
  region size 1024K, 0 young (0K), 0 survivors (0K)

[error occurred during error reporting (printing heap information), id 0xc0000005, EXCEPTION_ACCESS_VIOLATION (0xc0000005) at pc=0x00007ff98feb6649]

GC Heap History (0 events):
No events

Dll operation events (1 events):
Event: 0.010 Loaded shared library C:\Program Files\Java\jdk-19\bin\java.dll

Deoptimization events (0 events):
No events

Classes loaded (0 events):
No events

Classes unloaded (0 events):
No events

Classes redefined (0 events):
No events

Internal exceptions (0 events):
No events

VM Operations (0 events):
No events

Events (0 events):
No events


Dynamic libraries:
0x00007ff74a9d0000 - 0x00007ff74a9e0000 	C:\Program Files\Java\jdk-19\bin\java.exe
0x00007ffa14770000 - 0x00007ffa14987000 	C:\WINDOWS\SYSTEM32\ntdll.dll
0x00007ffa13200000 - 0x00007ffa132c4000 	C:\WINDOWS\System32\KERNEL32.DLL
0x00007ffa11de0000 - 0x00007ffa1219a000 	C:\WINDOWS\System32\KERNELBASE.dll
0x00007ffa11ba0000 - 0x00007ffa11cb1000 	C:\WINDOWS\System32\ucrtbase.dll
0x00007ff997660000 - 0x00007ff99767b000 	C:\Program Files\Java\jdk-19\bin\VCRUNTIME140.dll
0x00007ff997680000 - 0x00007ff997698000 	C:\Program Files\Java\jdk-19\bin\jli.dll
0x00007ffa13be0000 - 0x00007ffa13c92000 	C:\WINDOWS\System32\ADVAPI32.dll
0x00007ffa12770000 - 0x00007ffa12817000 	C:\WINDOWS\System32\msvcrt.dll
0x00007ffa14180000 - 0x00007ffa14227000 	C:\WINDOWS\System32\sechost.dll
0x00007ffa11b70000 - 0x00007ffa11b98000 	C:\WINDOWS\System32\bcrypt.dll
0x00007ffa12640000 - 0x00007ffa12754000 	C:\WINDOWS\System32\RPCRT4.dll
0x00007ffa12ac0000 - 0x00007ffa12c6e000 	C:\WINDOWS\System32\USER32.dll
0x00007ffa121a0000 - 0x00007ffa121c6000 	C:\WINDOWS\System32\win32u.dll
0x00007ffa14640000 - 0x00007ffa14669000 	C:\WINDOWS\System32\GDI32.dll
0x00007ffa10c80000 - 0x00007ffa10f12000 	C:\WINDOWS\WinSxS\amd64_microsoft.windows.common-controls_6595b64144ccf1df_6.0.22621.4541_none_2710d1c57384c085\COMCTL32.dll
0x00007ffa11cc0000 - 0x00007ffa11ddb000 	C:\WINDOWS\System32\gdi32full.dll
0x00007ffa12250000 - 0x00007ffa122ea000 	C:\WINDOWS\System32\msvcp_win.dll
0x00007ffa0e6d0000 - 0x00007ffa0e6da000 	C:\WINDOWS\SYSTEM32\VERSION.dll
0x00007ffa12920000 - 0x00007ffa12951000 	C:\WINDOWS\System32\IMM32.DLL
0x00007ff997650000 - 0x00007ff99765c000 	C:\Program Files\Java\jdk-19\bin\vcruntime140_1.dll
0x00007ff9975c0000 - 0x00007ff99764e000 	C:\Program Files\Java\jdk-19\bin\msvcp140.dll
0x00007ff98f770000 - 0x00007ff990430000 	C:\Program Files\Java\jdk-19\bin\server\jvm.dll
0x00007ff9c7300000 - 0x00007ff9c7309000 	C:\WINDOWS\SYSTEM32\WSOCK32.dll
0x00007ffa13e60000 - 0x00007ffa13ed1000 	C:\WINDOWS\System32\WS2_32.dll
0x00007ffa07ea0000 - 0x00007ffa07ed4000 	C:\WINDOWS\SYSTEM32\WINMM.dll
0x00007ffa0fc80000 - 0x00007ffa0fc98000 	C:\WINDOWS\SYSTEM32\kernel.appcore.dll
0x00007ff9975b0000 - 0x00007ff9975ba000 	C:\Program Files\Java\jdk-19\bin\jimage.dll
0x00007ffa11390000 - 0x00007ffa115c2000 	C:\WINDOWS\SYSTEM32\DBGHELP.DLL
0x00007ffa14290000 - 0x00007ffa14621000 	C:\WINDOWS\System32\combase.dll
0x00007ffa140a0000 - 0x00007ffa14177000 	C:\WINDOWS\System32\OLEAUT32.dll
0x00007ffa11210000 - 0x00007ffa11242000 	C:\WINDOWS\SYSTEM32\dbgcore.DLL
0x00007ffa11a30000 - 0x00007ffa11aab000 	C:\WINDOWS\System32\bcryptPrimitives.dll
0x00007ff997580000 - 0x00007ff9975a6000 	C:\Program Files\Java\jdk-19\bin\java.dll

dbghelp: loaded successfully - version: 4.0.5 - missing functions: none
symbol engine: initialized successfully - sym options: 0x614 - pdb path: .;C:\Program Files\Java\jdk-19\bin;C:\WINDOWS\SYSTEM32;C:\WINDOWS\WinSxS\amd64_microsoft.windows.common-controls_6595b64144ccf1df_6.0.22621.4541_none_2710d1c57384c085;C:\Program Files\Java\jdk-19\bin\server

VM Arguments:
java_command: <unknown>
java_class_path (initial): <not set>
Launcher Type: SUN_STANDARD

[Global flags]
     intx CICompilerCount                          = 12                                        {product} {ergonomic}
     uint ConcGCThreads                            = 3                                         {product} {ergonomic}
     uint G1ConcRefinementThreads                  = 13                                        {product} {ergonomic}
   size_t G1HeapRegionSize                         = 1048576                                   {product} {ergonomic}
    uintx GCDrainStackTargetSize                   = 64                                        {product} {ergonomic}
   size_t InitialHeapSize                          = 130023424                                 {product} {ergonomic}
   size_t MarkStackSize                            = 4194304                                   {product} {ergonomic}
   size_t MaxHeapSize                              = 2069889024                                {product} {ergonomic}
   size_t MinHeapDeltaBytes                        = 1048576                                   {product} {ergonomic}
   size_t MinHeapSize                              = 8388608                                   {product} {ergonomic}
    uintx NonNMethodCodeHeapSize                   = 7602480                                {pd product} {ergonomic}
    uintx NonProfiledCodeHeapSize                  = 122027880                              {pd product} {ergonomic}
    uintx ProfiledCodeHeapSize                     = 122027880                              {pd product} {ergonomic}
    uintx ReservedCodeCacheSize                    = 251658240                              {pd product} {ergonomic}
     bool SegmentedCodeCache                       = true                                      {product} {ergonomic}
   size_t SoftMaxHeapSize                          = 2069889024                             {manageable} {ergonomic}
     bool UseCompressedClassPointers               = true                           {product lp64_product} {ergonomic}
     bool UseCompressedOops                        = true                           {product lp64_product} {ergonomic}
     bool UseG1GC                                  = true                                      {product} {ergonomic}
     bool UseLargePagesIndividualAllocation        = false                                  {pd product} {ergonomic}

Logging:
Log output configuration:
 #0: stdout all=warning uptime,level,tags foldmultilines=false
 #1: stderr all=off uptime,level,tags foldmultilines=false

Environment Variables:
PATH=C:\Users\soura\AppData\Local\Temp\yarn--1740215166515-0.37959509913327993;C:\Users\soura\Desktop\leadproject\REPO-Lead\node_modules\.bin;C:\Users\soura\AppData\Local\Yarn\Data\link\node_modules\.bin;C:\Users\soura\AppData\Local\Yarn\bin;C:\Program Files\libexec\lib\node_modules\npm\bin\node-gyp-bin;C:\Program Files\lib\node_modules\npm\bin\node-gyp-bin;C:\Program Files\nodejs\node_modules\npm\bin\node-gyp-bin;C:\Program Files\Common Files\Oracle\Java\javapath;C:\Windows\system32;C:\Windows;C:\Windows\System32\Wbem;C:\Windows\System32\WindowsPowerShell\v1.0\;C:\Windows\System32\OpenSSH\;C:\Program Files (x86)\NVIDIA Corporation\PhysX\Common;C:\Program Files\NVIDIA Corporation\NVIDIA NvDLISR;C:\MinGW\bin;C:\Program Files\Git\cmd;C:\Program Files\dotnet\;C:\WINDOWS\system32;C:\WINDOWS;C:\WINDOWS\System32\Wbem;C:\WINDOWS\System32\WindowsPowerShell\v1.0\;C:\WINDOWS\System32\OpenSSH\;C:\Program Files\Perforce\;C:\Program Files\Microsoft SQL Server\150\Tools\Binn\;C:\Program Files\Microsoft SQL Server\Client SDK\ODBC\170\Tools\Binn\;C:\Program Files (x86)\Microsoft SQL Server\160\Tools\Binn\;C:\Program Files\Microsoft SQL Server\160\Tools\Binn\;C:\Program Files\Microsoft SQL Server\160\DTS\Binn\;C:\Users\soura\AppData\Local\Android\Sdk\emulator;C:\Users\soura\AppData\Local\Android\Sdk\build-tools;C:\Users\soura\AppData\Local\Android\Sdk\platform-tools;C:\Gradle\gradle-8.2.1\bin;C:\Users\soura\AppData\Roaming\nvm;C:\Program Files\nodejs;C:\ProgramData\chocolatey\bin;C:\Program Files\nodejs\;C:\Program Files\Java\jdk-19\bin;C:\Users\soura\AppData\Local\Programs\Python\Python312\Scripts\;C:\Users\soura\AppData\Local\Programs\Python\Python312\;C:\Program Files\MySQL\MySQL Shell 8.0\bin\;C:\Users\soura\AppData\Local\Microsoft\WindowsApps;C:\Users\soura\AppData\Local\Programs\Microsoft VS Code\bin;C:\Program Files (x86)\BrowserStackLocal\;C:\Program Files\Azure Data Studio\bin;C:\Users\soura\.dotnet\tools;C:\Users\soura\AppData\Roaming\nvm;C:\Program Files\nodejs;C:\Program Files\JetBrains\WebStorm 2024.1.2\bin;;C:\Users\soura\AppData\Roaming\npm
USERNAME=soura
LANG=en_US.UTF-8
OS=Windows_NT
PROCESSOR_IDENTIFIER=Intel64 Family 6 Model 141 Stepping 1, GenuineIntel
TMP=C:\Users\soura\AppData\Local\Temp
TEMP=C:\Users\soura\AppData\Local\Temp



---------------  S Y S T E M  ---------------

OS:
 Windows 11 , 64 bit Build 22621 (10.0.22621.4391)
OS uptime: 0 days 1:52 hours

CPU: total 16 (initial active 16) (8 cores per cpu, 2 threads per core) family 6 model 141 stepping 1 microcode 0x26, cx8, cmov, fxsr, ht, mmx, 3dnowpref, sse, sse2, sse3, ssse3, sse4.1, sse4.2, popcnt, lzcnt, tsc, tscinvbit, avx, avx2, aes, erms, clmul, bmi1, bmi2, adx, avx512f, avx512dq, avx512cd, avx512bw, avx512vl, sha, fma, vzeroupper, avx512_vpopcntdq, avx512_vpclmulqdq, avx512_vaes, avx512_vnni, clflush, clflushopt, clwb, avx512_vbmi2, avx512_vbmi, rdtscp, rdpid, fsrm, gfni, avx512_bitalg

Memory: 4k page, system-wide physical 7893M (560M free)
TotalPageFile size 32469M (AvailPageFile size 119M)
current process WorkingSet (physical memory assigned to process): 11M, peak: 11M
current process commit charge ("private bytes"): 71M, peak: 194M

vm_info: Java HotSpot(TM) 64-Bit Server VM (19.0.2+7-44) for windows-amd64 JRE (19.0.2+7-44), built on 2022-11-30T18:02:09Z by "mach5one" with MS VC++ 17.1 (VS2022)

END.
